<?xml version="1.0" encoding="UTF-8"?>
<testng-results skipped="0" failed="0" ignored="0" total="1" passed="1">
  <reporter-output>
  </reporter-output>
  <suite name="Default suite" duration-ms="29835" started-at="2018-09-15T05:23:18Z" finished-at="2018-09-15T05:23:48Z">
    <groups>
    </groups>
    <test name="Default test" duration-ms="29835" started-at="2018-09-15T05:23:18Z" finished-at="2018-09-15T05:23:48Z">
      <class name="testng.Testng">
        <test-method status="PASS" signature="LaunchApp()[pri:0, instance:testng.Testng@ed9d034]" name="LaunchApp" is-config="true" duration-ms="10942" started-at="2018-09-15T05:23:18Z" finished-at="2018-09-15T05:23:29Z">
          <reporter-output>
          </reporter-output>
        </test-method> <!-- LaunchApp -->
        <test-method status="PASS" signature="keysDownAndKeysup()[pri:0, instance:testng.Testng@ed9d034]" name="keysDownAndKeysup" duration-ms="15175" started-at="2018-09-15T05:23:29Z" finished-at="2018-09-15T05:23:44Z">
          <reporter-output>
          </reporter-output>
        </test-method> <!-- keysDownAndKeysup -->
        <test-method status="PASS" signature="CloseApp()[pri:0, instance:testng.Testng@ed9d034]" name="CloseApp" is-config="true" duration-ms="3699" started-at="2018-09-15T05:23:44Z" finished-at="2018-09-15T05:23:48Z">
          <reporter-output>
          </reporter-output>
        </test-method> <!-- CloseApp -->
      </class> <!-- testng.Testng -->
    </test> <!-- Default test -->
  </suite> <!-- Default suite -->
</testng-results>
